<?xml version="1.0" ?>
<coverage branch-rate="0" branches-covered="0" branches-valid="0" complexity="0" line-rate="0.6667" lines-covered="4" lines-valid="6" timestamp="1567899182808" version="4.5.4">
	<!-- Generated by coverage.py: https://coverage.readthedocs.io -->
	<!-- Based on https://raw.githubusercontent.com/cobertura/web/master/htdocs/xml/coverage-04.dtd -->
	<sources>
		<source>D:\pyproj\myapp</source>
	</sources>
	<packages>
		<package branch-rate="0" complexity="0" line-rate="0.6667" name=".">
			<classes>
				<class branch-rate="0" complexity="0" filename="my_func.py" line-rate="1" name="my_func.py">
					<methods/>
					<lines>
						<line hits="1" number="1"/>
						<line hits="1" number="2"/>
						<line hits="1" number="5"/>
						<line hits="1" number="6"/>
					</lines>
				</class>
				<class branch-rate="0" complexity="0" filename="other_app.py" line-rate="0" name="other_app.py">
					<methods/>
					<lines>
						<line hits="0" number="1"/>
						<line hits="0" number="2"/>
					</lines>
				</class>
			</classes>
		</package>
	</packages>
</coverage>
